<?xml version="1.0" encoding="UTF-8" ?>
<testsuite tests="4" failures="0" name="chessosisnbproject.chessosisnbproject.SquareTest" time="0.029" errors="0" skipped="0">
  <properties>
[...]
</properties>
  <testcase classname="chessosisnbproject.chessosisnbproject.SquareTest" name="correctConstantNames" time="0.001"/>
  <testcase classname="chessosisnbproject.chessosisnbproject.SquareTest" name="squareBitsArePowersOfTwo" time="0.001"/>
  <testcase classname="chessosisnbproject.chessosisnbproject.SquareTest" name="correctNumberOfSquareConstants" time="0"/>
  <testcase classname="chessosisnbproject.chessosisnbproject.SquareTest" name="allSquaresBitwiseORed" time="0"/>
</testsuite>